<?xml version="1.0" encoding="UTF-8"?>
<!-- Generated by org.testng.reporters.JUnitReportReporter -->
<testsuite hostname="DESKTOP-AISRFQ1" failures="0" tests="1" name="com.orangehrm.test.LoginTest" time="12.222" errors="0" timestamp="2022-05-16T17:38:13 IST" skipped="0">
  <testcase classname="com.orangehrm.test.LoginTest" name="login" time="12.222"/>
  <system-out/>
</testsuite> <!-- com.orangehrm.test.LoginTest -->
